Mon Jun 18 17:19:05 BST 2007  [debug] AvalonLogSystem initialized using logfile 'velocity.log'
Mon Jun 18 17:19:05 BST 2007   [info] ************************************************************** 
Mon Jun 18 17:19:05 BST 2007   [info] Starting Jakarta Velocity v1.4
Mon Jun 18 17:19:05 BST 2007   [info] RuntimeInstance initializing.
Mon Jun 18 17:19:05 BST 2007   [info] Default Properties File: org\apache\velocity\runtime\defaults\velocity.properties
Mon Jun 18 17:19:05 BST 2007   [info] Trying to use logger class org.apache.velocity.runtime.log.AvalonLogSystem
Mon Jun 18 17:19:05 BST 2007   [info] Using logger class org.apache.velocity.runtime.log.AvalonLogSystem
Mon Jun 18 17:19:05 BST 2007   [info] Default ResourceManager initializing. (class org.apache.velocity.runtime.resource.ResourceManagerImpl)
Mon Jun 18 17:19:05 BST 2007   [info] Resource Loader Instantiated: org.apache.velocity.runtime.resource.loader.FileResourceLoader
Mon Jun 18 17:19:05 BST 2007   [info] FileResourceLoader : initialization starting.
Mon Jun 18 17:19:05 BST 2007   [info] FileResourceLoader : adding path 'C:\DOCUME~1\CATHER~1\LOCALS~1\Temp'
Mon Jun 18 17:19:05 BST 2007   [info] FileResourceLoader : initialization complete.
Mon Jun 18 17:19:05 BST 2007   [info] ResourceCache : initialized. (class org.apache.velocity.runtime.resource.ResourceCacheImpl)
Mon Jun 18 17:19:05 BST 2007   [info] Default ResourceManager initialization complete.
Mon Jun 18 17:19:05 BST 2007   [info] Loaded System Directive: org.apache.velocity.runtime.directive.Literal
Mon Jun 18 17:19:05 BST 2007   [info] Loaded System Directive: org.apache.velocity.runtime.directive.Macro
Mon Jun 18 17:19:05 BST 2007   [info] Loaded System Directive: org.apache.velocity.runtime.directive.Parse
Mon Jun 18 17:19:05 BST 2007   [info] Loaded System Directive: org.apache.velocity.runtime.directive.Include
Mon Jun 18 17:19:05 BST 2007   [info] Loaded System Directive: org.apache.velocity.runtime.directive.Foreach
Mon Jun 18 17:19:05 BST 2007   [info] Created: 20 parsers.
Mon Jun 18 17:19:06 BST 2007   [info] Velocimacro : initialization starting.
Mon Jun 18 17:19:06 BST 2007   [info] Velocimacro : adding VMs from VM library template : VM_global_library.vm
Mon Jun 18 17:19:06 BST 2007  [error] ResourceManager : unable to find resource 'VM_global_library.vm' in any resource loader.
Mon Jun 18 17:19:06 BST 2007   [info] Velocimacro : error using  VM library template VM_global_library.vm : org.apache.velocity.exception.ResourceNotFoundException: Unable to find resource 'VM_global_library.vm'
Mon Jun 18 17:19:06 BST 2007   [info] Velocimacro :  VM library template macro registration complete.
Mon Jun 18 17:19:06 BST 2007   [info] Velocimacro : allowInline = true : VMs can be defined inline in templates
Mon Jun 18 17:19:06 BST 2007   [info] Velocimacro : allowInlineToOverride = false : VMs defined inline may NOT replace previous VM definitions
Mon Jun 18 17:19:06 BST 2007   [info] Velocimacro : allowInlineLocal = false : VMs defined inline will be  global in scope if allowed.
Mon Jun 18 17:19:06 BST 2007   [info] Velocimacro : messages on  : VM system will output logging messages
Mon Jun 18 17:19:06 BST 2007   [info] Velocimacro : autoload off  : VM system will not automatically reload global library macros
Mon Jun 18 17:19:06 BST 2007   [info] Velocimacro : initialization complete.
Mon Jun 18 17:19:06 BST 2007   [info] Velocity successfully started.
Mon Jun 18 17:19:06 BST 2007   [info] ResourceManager : found hibernateconfig60299.vm with loader org.apache.velocity.runtime.resource.loader.FileResourceLoader
Mon Jun 18 17:19:22 BST 2007   [info] ResourceManager : found hibernateconfig60300.vm with loader org.apache.velocity.runtime.resource.loader.FileResourceLoader
